  Application.cpp
C:\Users\18055\Documents\Local_Repos\learn_opengl\LearnOpenGL\LearnOpenGL\src\Shader.h(14,1): error C2059: syntax error: '{'
C:\Users\18055\Documents\Local_Repos\learn_opengl\LearnOpenGL\LearnOpenGL\src\Renderer.h(14,7): error C2059: syntax error: 'using namespace'
C:\Users\18055\Documents\Local_Repos\learn_opengl\LearnOpenGL\LearnOpenGL\src\VertexBufferLayout.h(57,14): error C4430: missing type specifier - int assumed. Note: C++ does not support default-int
C:\Users\18055\Documents\Local_Repos\learn_opengl\LearnOpenGL\LearnOpenGL\src\VertexBufferLayout.h(57,49): error C3646: 'GetElements': unknown override specifier
C:\Users\18055\Documents\Local_Repos\learn_opengl\LearnOpenGL\LearnOpenGL\src\VertexBufferLayout.h(57,61): error C2059: syntax error: ')'
C:\Users\18055\Documents\Local_Repos\learn_opengl\LearnOpenGL\LearnOpenGL\src\VertexBufferLayout.h(57,69): error C2334: unexpected token(s) preceding '{'; skipping apparent function body
C:\Users\18055\Documents\Local_Repos\learn_opengl\LearnOpenGL\LearnOpenGL\src\VertexBufferLayout.h(35,17): error C2607: static assertion failed
C:\Users\18055\Documents\Local_Repos\learn_opengl\LearnOpenGL\LearnOpenGL\src\VertexBufferLayout.h(34,7): message : This diagnostic occurred in the compiler generated function 'void VertexBufferLayout::Push(unsigned int)'
C:\Users\18055\Documents\Local_Repos\learn_opengl\LearnOpenGL\LearnOpenGL\src\Application.cpp(45,9): error C2065: 'cout': undeclared identifier
C:\Users\18055\Documents\Local_Repos\learn_opengl\LearnOpenGL\LearnOpenGL\src\Application.cpp(45,29): error C2065: 'endl': undeclared identifier
C:\Users\18055\Documents\Local_Repos\learn_opengl\LearnOpenGL\LearnOpenGL\src\Application.cpp(48,5): error C2065: 'cout': undeclared identifier
C:\Users\18055\Documents\Local_Repos\learn_opengl\LearnOpenGL\LearnOpenGL\src\Application.cpp(48,40): error C2065: 'endl': undeclared identifier
  IndexBuffer.cpp
C:\Users\18055\Documents\Local_Repos\learn_opengl\LearnOpenGL\LearnOpenGL\src\Shader.h(14,1): error C2059: syntax error: '{'
C:\Users\18055\Documents\Local_Repos\learn_opengl\LearnOpenGL\LearnOpenGL\src\Renderer.h(14,7): error C2059: syntax error: 'using namespace'
C:\Users\18055\Documents\Local_Repos\learn_opengl\LearnOpenGL\LearnOpenGL\src\IndexBuffer.cpp(6,14): error C2511: 'IndexBuffer::IndexBuffer(const void *,unsigned int)': overloaded member function not found in 'IndexBuffer'
C:\Users\18055\Documents\Local_Repos\learn_opengl\LearnOpenGL\LearnOpenGL\src\IndexBuffer.h(3,7): message : see declaration of 'IndexBuffer'
C:\Users\18055\Documents\Local_Repos\learn_opengl\LearnOpenGL\LearnOpenGL\src\IndexBuffer.cpp(8,1): error C2550: 'IndexBuffer::{ctor}': constructor initializer lists are only allowed on constructor definitions
C:\Users\18055\Documents\Local_Repos\learn_opengl\LearnOpenGL\LearnOpenGL\src\IndexBuffer.cpp(11,5): error C2597: illegal reference to non-static member 'IndexBuffer::m_RendererID'
C:\Users\18055\Documents\Local_Repos\learn_opengl\LearnOpenGL\LearnOpenGL\src\IndexBuffer.h(6,15): message : see declaration of 'IndexBuffer::m_RendererID'
C:\Users\18055\Documents\Local_Repos\learn_opengl\LearnOpenGL\LearnOpenGL\src\IndexBuffer.cpp(11,5): error C2664: 'void (GLsizei,GLuint *)': cannot convert argument 2 from 'unsigned int IndexBuffer::* ' to 'GLuint *'
C:\Users\18055\Documents\Local_Repos\learn_opengl\LearnOpenGL\LearnOpenGL\src\IndexBuffer.cpp(11,5): message : There is no context in which this conversion is possible
C:\Users\18055\Documents\Local_Repos\learn_opengl\LearnOpenGL\LearnOpenGL\src\IndexBuffer.cpp(12,5): error C2597: illegal reference to non-static member 'IndexBuffer::m_RendererID'
C:\Users\18055\Documents\Local_Repos\learn_opengl\LearnOpenGL\LearnOpenGL\src\IndexBuffer.h(6,15): message : see declaration of 'IndexBuffer::m_RendererID'
  Renderer.cpp
C:\Users\18055\Documents\Local_Repos\learn_opengl\LearnOpenGL\LearnOpenGL\src\Shader.h(14,1): error C2059: syntax error: '{'
C:\Users\18055\Documents\Local_Repos\learn_opengl\LearnOpenGL\LearnOpenGL\src\Renderer.h(14,7): error C2059: syntax error: 'using namespace'
C:\Users\18055\Documents\Local_Repos\learn_opengl\LearnOpenGL\LearnOpenGL\src\Renderer.cpp(22,16): error C2511: 'void Renderer::Draw(const VertexArray &,const IndexBuffer &,const Shader &)': overloaded member function not found in 'Renderer'
C:\Users\18055\Documents\Local_Repos\learn_opengl\LearnOpenGL\LearnOpenGL\src\Renderer.h(23,7): message : see declaration of 'Renderer'
  Shader.cpp
C:\Users\18055\Documents\Local_Repos\learn_opengl\LearnOpenGL\LearnOpenGL\src\Shader.h(14,1): error C2059: syntax error: '{'
C:\Program Files\Microsoft Visual Studio\2022\Community\VC\Tools\MSVC\14.36.32532\include\iterator(21,1): error C2059: syntax error: 'namespace'
C:\Program Files\Microsoft Visual Studio\2022\Community\VC\Tools\MSVC\14.36.32532\include\iterator(21,1): error C2143: syntax error: missing ';' before '{'
C:\Program Files\Microsoft Visual Studio\2022\Community\VC\Tools\MSVC\14.36.32532\include\iterator(21,1): error C2447: '{': missing function header (old-style formal list?)
  VertexArray.cpp
C:\Users\18055\Documents\Local_Repos\learn_opengl\LearnOpenGL\LearnOpenGL\src\Shader.h(14,1): error C2059: syntax error: '{'
C:\Users\18055\Documents\Local_Repos\learn_opengl\LearnOpenGL\LearnOpenGL\src\Renderer.h(14,7): error C2059: syntax error: 'using namespace'
C:\Users\18055\Documents\Local_Repos\learn_opengl\LearnOpenGL\LearnOpenGL\src\VertexBufferLayout.h(57,14): error C4430: missing type specifier - int assumed. Note: C++ does not support default-int
C:\Users\18055\Documents\Local_Repos\learn_opengl\LearnOpenGL\LearnOpenGL\src\VertexBufferLayout.h(57,49): error C3646: 'GetElements': unknown override specifier
C:\Users\18055\Documents\Local_Repos\learn_opengl\LearnOpenGL\LearnOpenGL\src\VertexBufferLayout.h(57,61): error C2059: syntax error: ')'
C:\Users\18055\Documents\Local_Repos\learn_opengl\LearnOpenGL\LearnOpenGL\src\VertexBufferLayout.h(57,69): error C2334: unexpected token(s) preceding '{'; skipping apparent function body
C:\Users\18055\Documents\Local_Repos\learn_opengl\LearnOpenGL\LearnOpenGL\src\VertexBufferLayout.h(35,17): error C2607: static assertion failed
C:\Users\18055\Documents\Local_Repos\learn_opengl\LearnOpenGL\LearnOpenGL\src\VertexBufferLayout.h(34,7): message : This diagnostic occurred in the compiler generated function 'void VertexBufferLayout::Push(unsigned int)'
C:\Users\18055\Documents\Local_Repos\learn_opengl\LearnOpenGL\LearnOpenGL\src\VertexArray.cpp(23,35): error C2039: 'GetElements': is not a member of 'VertexBufferLayout'
C:\Users\18055\Documents\Local_Repos\learn_opengl\LearnOpenGL\LearnOpenGL\src\VertexBufferLayout.h(25,7): message : see declaration of 'VertexBufferLayout'
C:\Users\18055\Documents\Local_Repos\learn_opengl\LearnOpenGL\LearnOpenGL\src\VertexArray.cpp(23,26): error C2530: 'elements': references must be initialized
C:\Users\18055\Documents\Local_Repos\learn_opengl\LearnOpenGL\LearnOpenGL\src\VertexArray.cpp(26,42): error C3536: 'elements': cannot be used before it is initialized
C:\Users\18055\Documents\Local_Repos\learn_opengl\LearnOpenGL\LearnOpenGL\src\VertexArray.cpp(27,41): error C2109: subscript requires array or pointer type
C:\Users\18055\Documents\Local_Repos\learn_opengl\LearnOpenGL\LearnOpenGL\src\VertexArray.cpp(27,29): error C2530: 'element': references must be initialized
C:\Users\18055\Documents\Local_Repos\learn_opengl\LearnOpenGL\LearnOpenGL\src\VertexArray.cpp(29,9): error C3536: 'element': cannot be used before it is initialized
C:\Users\18055\Documents\Local_Repos\learn_opengl\LearnOpenGL\LearnOpenGL\src\VertexArray.cpp(29,9): error C2065: 'offset': undeclared identifier
C:\Users\18055\Documents\Local_Repos\learn_opengl\LearnOpenGL\LearnOpenGL\src\VertexArray.cpp(31,9): error C2065: 'offset': undeclared identifier
  VertexBuffer.cpp
C:\Users\18055\Documents\Local_Repos\learn_opengl\LearnOpenGL\LearnOpenGL\src\Shader.h(14,1): error C2059: syntax error: '{'
C:\Users\18055\Documents\Local_Repos\learn_opengl\LearnOpenGL\LearnOpenGL\src\Renderer.h(14,7): error C2059: syntax error: 'using namespace'
  Generating Code...
